<?xml version="1.0" encoding="UTF-8"?>
<!-- Generated by org.testng.reporters.JUnitReportReporter -->
<testsuite hostname="DESKTOP-A92CT9O" failures="0" tests="3" name="wizehub.Tests.SubmitOrderTest" time="87.160" errors="0" timestamp="2024-10-13T18:33:02 IST" skipped="0">
  <testcase classname="wizehub.Tests.SubmitOrderTest" name="submitOrder" time="32.041"/>
  <system-out/>
  <testcase classname="wizehub.Tests.SubmitOrderTest" name="submitOrder" time="29.832"/>
  <system-out/>
  <testcase classname="wizehub.Tests.SubmitOrderTest" name="orderHistory" time="25.287"/>
  <system-out/>
</testsuite> <!-- wizehub.Tests.SubmitOrderTest -->
