<?xml version="1.0" encoding="UTF-8"?>
<!-- Generated by org.testng.reporters.JUnitReportReporter -->
<testsuite hostname="DESKTOP-Q4DJN4G" failures="0" tests="1" name="cucumber.TestNGTestRunner" time="5.911" errors="0" timestamp="2024-11-23T16:17:03 IST" skipped="0">
  <testcase classname="cucumber.TestNGTestRunner" name="runScenario" time="5.911"/>
  <system-out/>
</testsuite> <!-- cucumber.TestNGTestRunner -->
