<?xml version="1.0" encoding="UTF-8"?>
<!-- Generated by org.testng.reporters.JUnitReportReporter -->
<testsuite hostname="DESKTOP-Q4DJN4G" failures="0" tests="2" name="wizehub.Tests.ErrorValidationsTest" time="16.598" errors="0" timestamp="2024-11-23T18:23:14 IST" skipped="0">
  <testcase classname="wizehub.Tests.ErrorValidationsTest" name="LoginErrorValidation" time="10.572"/>
  <testcase classname="wizehub.Tests.ErrorValidationsTest" name="productErrorValidation" time="6.026"/>
</testsuite> <!-- wizehub.Tests.ErrorValidationsTest -->
