<?xml version="1.0" encoding="UTF-8"?>
<!-- Generated by org.testng.reporters.JUnitReportReporter -->
<testsuite hostname="DESKTOP-Q4DJN4G" failures="0" tests="3" name="wizehub.Tests.SubmitOrderTest" time="37.461" errors="0" timestamp="2024-11-23T18:23:14 IST" skipped="0">
  <testcase classname="wizehub.Tests.SubmitOrderTest" name="submitOrder" time="20.007"/>
  <testcase classname="wizehub.Tests.SubmitOrderTest" name="orderHistory" time="8.536"/>
  <testcase classname="wizehub.Tests.SubmitOrderTest" name="submitOrder" time="8.918"/>
</testsuite> <!-- wizehub.Tests.SubmitOrderTest -->
